# JRE version: Java(TM) SE Runtime Environment 18.9 (11.0.12+8) (build 11.0.12+8-LTS-237)
# Java VM: Java HotSpot(TM) 64-Bit Server VM 18.9 (11.0.12+8-LTS-237, mixed mode, tiered, compressed oops, g1 gc, windows-amd64)
Heap:
 garbage-first heap   total 155648K, used 70829K [0x0000000080000000, 0x0000000100000000)
  region size 1024K, 7 young (7168K), 4 survivors (4096K)
 Metaspace       used 84875K, capacity 87099K, committed 87240K, reserved 1124352K
  class space    used 10775K, capacity 11594K, committed 11648K, reserved 1048576K
GC Heap History (10 events):
Event: 29.652 GC heap before
{Heap before GC invocations=13 (full 0):
 garbage-first heap   total 129024K, used 62877K [0x0000000080000000, 0x0000000100000000)
  region size 1024K, 18 young (18432K), 2 survivors (2048K)
 Metaspace       used 58376K, capacity 59922K, committed 59976K, reserved 1101824K
  class space    used 7355K, capacity 7935K, committed 7936K, reserved 1048576K
}
Event: 29.666 GC heap after
{Heap after GC invocations=14 (full 0):
 garbage-first heap   total 155648K, used 48059K [0x0000000080000000, 0x0000000100000000)
  region size 1024K, 3 young (3072K), 3 survivors (3072K)
 Metaspace       used 58376K, capacity 59922K, committed 59976K, reserved 1101824K
  class space    used 7355K, capacity 7935K, committed 7936K, reserved 1048576K
}
Event: 32.726 GC heap before
{Heap before GC invocations=15 (full 0):
 garbage-first heap   total 155648K, used 101307K [0x0000000080000000, 0x0000000100000000)
  region size 1024K, 55 young (56320K), 3 survivors (3072K)
 Metaspace       used 64016K, capacity 65578K, committed 65864K, reserved 1105920K
  class space    used 8042K, capacity 8657K, committed 8704K, reserved 1048576K
}
Event: 32.753 GC heap after
{Heap after GC invocations=16 (full 0):
 garbage-first heap   total 155648K, used 53558K [0x0000000080000000, 0x0000000100000000)
  region size 1024K, 7 young (7168K), 7 survivors (7168K)
 Metaspace       used 64016K, capacity 65578K, committed 65864K, reserved 1105920K
  class space    used 8042K, capacity 8657K, committed 8704K, reserved 1048576K
}
Event: 35.257 GC heap before
{Heap before GC invocations=17 (full 0):
 garbage-first heap   total 155648K, used 106806K [0x0000000080000000, 0x0000000100000000)
  region size 1024K, 59 young (60416K), 7 survivors (7168K)
 Metaspace       used 68166K, capacity 69928K, committed 70216K, reserved 1110016K
  class space    used 8704K, capacity 9380K, committed 9472K, reserved 1048576K
}
Event: 35.293 GC heap after
{Heap after GC invocations=18 (full 0):
 garbage-first heap   total 155648K, used 57320K [0x0000000080000000, 0x0000000100000000)
  region size 1024K, 5 young (5120K), 5 survivors (5120K)
 Metaspace       used 68166K, capacity 69928K, committed 70216K, reserved 1110016K
  class space    used 8704K, capacity 9380K, committed 9472K, reserved 1048576K
}
Event: 38.228 GC heap before
{Heap before GC invocations=18 (full 0):
 garbage-first heap   total 155648K, used 110568K [0x0000000080000000, 0x0000000100000000)
  region size 1024K, 57 young (58368K), 5 survivors (5120K)
 Metaspace       used 73487K, capacity 75324K, committed 75592K, reserved 1114112K
  class space    used 9503K, capacity 10159K, committed 10240K, reserved 1048576K
}
Event: 38.251 GC heap after
{Heap after GC invocations=19 (full 0):
 garbage-first heap   total 155648K, used 60156K [0x0000000080000000, 0x0000000100000000)
  region size 1024K, 8 young (8192K), 8 survivors (8192K)
 Metaspace       used 73487K, capacity 75324K, committed 75592K, reserved 1114112K
  class space    used 9503K, capacity 10159K, committed 10240K, reserved 1048576K
}
Event: 41.216 GC heap before
{Heap before GC invocations=19 (full 0):
 garbage-first heap   total 155648K, used 112380K [0x0000000080000000, 0x0000000100000000)
  region size 1024K, 60 young (61440K), 8 survivors (8192K)
 Metaspace       used 79260K, capacity 81204K, committed 81352K, reserved 1120256K
  class space    used 10156K, capacity 10880K, committed 10880K, reserved 1048576K
}
Event: 41.252 GC heap after
{Heap after GC invocations=20 (full 0):
 garbage-first heap   total 155648K, used 65489K [0x0000000080000000, 0x0000000100000000)
  region size 1024K, 8 young (8192K), 8 survivors (8192K)
 Metaspace       used 79260K, capacity 81204K, committed 81352K, reserved 1120256K
  class space    used 10156K, capacity 10880K, committed 10880K, reserved 1048576K
}

